[0.020s] Invoking command in '/home/seongmin/ros2_ws/src/build/pub1-3': CMAKE_PREFIX_PATH=${CMAKE_PREFIX_PATH}:/opt/ros/foxy /usr/bin/cmake /home/seongmin/ros2_ws/src/pub1-3 -DAMENT_CMAKE_SYMLINK_INSTALL=1 -DCMAKE_INSTALL_PREFIX=/home/seongmin/ros2_ws/src/install/pub1-3
[0.146s] -- The C compiler identification is GNU 9.4.0
[0.316s] -- The CXX compiler identification is GNU 9.4.0
[0.413s] -- Check for working C compiler: /usr/bin/cc
[0.548s] -- Check for working C compiler: /usr/bin/cc -- works
[0.549s] -- Detecting C compiler ABI info
[0.690s] -- Detecting C compiler ABI info - done
[0.701s] -- Detecting C compile features
[0.702s] -- Detecting C compile features - done
[0.705s] -- Check for working CXX compiler: /usr/bin/c++
[0.872s] -- Check for working CXX compiler: /usr/bin/c++ -- works
[0.873s] -- Detecting CXX compiler ABI info
[1.042s] -- Detecting CXX compiler ABI info - done
[1.054s] -- Detecting CXX compile features
[1.054s] -- Detecting CXX compile features - done
[1.057s] -- Found ament_cmake: 0.9.12 (/opt/ros/foxy/share/ament_cmake/cmake)
[1.085s] -- Found PythonInterp: /usr/bin/python3 (found suitable version "3.8.10", minimum required is "3") 
[1.085s] -- Using PYTHON_EXECUTABLE: /usr/bin/python3
[1.313s] -- Override CMake install command with custom implementation using symlinks instead of copying resources
[1.338s] -- Found rclcpp: 2.4.3 (/opt/ros/foxy/share/rclcpp/cmake)
[1.488s] -- Using all available rosidl_typesupport_c: rosidl_typesupport_fastrtps_c;rosidl_typesupport_introspection_c
[1.495s] -- Found rosidl_adapter: 1.3.1 (/opt/ros/foxy/share/rosidl_adapter/cmake)
[2.662s] -- Found OpenSSL: /usr/lib/x86_64-linux-gnu/libcrypto.so (found version "1.1.1f")  
[3.541s] -- Found FastRTPS: /opt/ros/foxy/include  
[5.351s] -- Using all available rosidl_typesupport_cpp: rosidl_typesupport_fastrtps_cpp;rosidl_typesupport_introspection_cpp
[5.414s] -- Found rmw_implementation_cmake: 1.0.4 (/opt/ros/foxy/share/rmw_implementation_cmake/cmake)
[5.415s] -- Using RMW implementation 'rmw_fastrtps_cpp' as default
[5.416s] -- Looking for pthread.h
[5.526s] -- Looking for pthread.h - found
[5.526s] -- Performing Test CMAKE_HAVE_LIBC_PTHREAD
[5.645s] -- Performing Test CMAKE_HAVE_LIBC_PTHREAD - Failed
[5.645s] -- Looking for pthread_create in pthreads
[5.812s] -- Looking for pthread_create in pthreads - not found
[5.813s] -- Looking for pthread_create in pthread
[5.947s] -- Looking for pthread_create in pthread - found
[5.948s] -- Found Threads: TRUE  
[6.126s] -- Found geometry_msgs: 2.0.5 (/opt/ros/foxy/share/geometry_msgs/cmake)
[6.166s] -- Found ament_lint_auto: 0.9.8 (/opt/ros/foxy/share/ament_lint_auto/cmake)
[6.258s] -- Added test 'copyright' to check source files copyright and LICENSE
[6.260s] -- Added test 'cppcheck' to perform static code analysis on C / C++ code
[6.260s] -- Configured cppcheck include dirs: 
[6.260s] -- Configured cppcheck exclude dirs and/or files: 
[6.262s] -- Added test 'cpplint' to check C / C++ code against the Google style
[6.262s] -- Configured cpplint exclude dirs and/or files: 
[6.263s] -- Added test 'lint_cmake' to check CMake code style
[6.264s] -- Added test 'uncrustify' to check C / C++ code style
[6.264s] -- Configured uncrustify additional arguments: 
[6.266s] -- Added test 'xmllint' to check XML markup files
[6.271s] -- Configuring done
[6.286s] -- Generating done
[6.295s] -- Build files have been written to: /home/seongmin/ros2_ws/src/build/pub1-3
[6.309s] Invoked command in '/home/seongmin/ros2_ws/src/build/pub1-3' returned '0': CMAKE_PREFIX_PATH=${CMAKE_PREFIX_PATH}:/opt/ros/foxy /usr/bin/cmake /home/seongmin/ros2_ws/src/pub1-3 -DAMENT_CMAKE_SYMLINK_INSTALL=1 -DCMAKE_INSTALL_PREFIX=/home/seongmin/ros2_ws/src/install/pub1-3
[6.315s] Invoking command in '/home/seongmin/ros2_ws/src/build/pub1-3': CMAKE_PREFIX_PATH=${CMAKE_PREFIX_PATH}:/opt/ros/foxy /usr/bin/cmake --build /home/seongmin/ros2_ws/src/build/pub1-3 -- -j8 -l8
[6.363s] [35m[1mScanning dependencies of target pub1-3[0m
[6.419s] [ 50%] [32mBuilding CXX object CMakeFiles/pub1-3.dir/src/pub1-3.cpp.o[0m
[8.933s] [100%] [32m[1mLinking CXX executable pub1-3[0m
[9.084s] /usr/bin/ld: /usr/lib/gcc/x86_64-linux-gnu/9/../../../x86_64-linux-gnu/Scrt1.o: in function `_start':
[9.084s] (.text+0x24): undefined reference to `main'
[9.084s] collect2: error: ld returned 1 exit status
[9.085s] make[2]: *** [CMakeFiles/pub1-3.dir/build.make:136: pub1-3] Error 1
[9.086s] make[1]: *** [CMakeFiles/Makefile2:78: CMakeFiles/pub1-3.dir/all] Error 2
[9.086s] make: *** [Makefile:141: all] Error 2
[9.090s] Invoked command in '/home/seongmin/ros2_ws/src/build/pub1-3' returned '2': CMAKE_PREFIX_PATH=${CMAKE_PREFIX_PATH}:/opt/ros/foxy /usr/bin/cmake --build /home/seongmin/ros2_ws/src/build/pub1-3 -- -j8 -l8
